Using pre-set license
Built from '2021.2/staging' branch; Version is '2021.2.10f1 (ee872746220e) revision 15632167'; Using compiler version '192829333'; Build Type 'Release'
OS: 'Windows 10  (10.0.17763) 64bit EnterpriseS' Language: 'en' Physical Memory: 16220 MB
BatchMode: 1, IsHumanControllingUs: 0, StartBugReporterOnCrash: 0, Is64bit: 1, IsPro: 0

COMMAND LINE ARGUMENTS:
C:\Program Files\Unity\Hub\Editor\2021.2.10f1\Editor\Unity.exe
-adb2
-batchMode
-noUpm
-name
AssetImportWorker2
-projectPath
C:/Users/jrk33/Documents/GitHub/TheGameMaster/The Game Master
-logFile
Logs/AssetImportWorker2.log
-srvPort
50478
Successfully changed project path to: C:/Users/jrk33/Documents/GitHub/TheGameMaster/The Game Master
C:/Users/jrk33/Documents/GitHub/TheGameMaster/The Game Master
[UnityMemory] Configuration Parameters - Can be set up in boot.config
    "memorysetup-bucket-allocator-granularity=16"
    "memorysetup-bucket-allocator-bucket-count=8"
    "memorysetup-bucket-allocator-block-size=33554432"
    "memorysetup-bucket-allocator-block-count=8"
    "memorysetup-main-allocator-block-size=16777216"
    "memorysetup-thread-allocator-block-size=16777216"
    "memorysetup-gfx-main-allocator-block-size=16777216"
    "memorysetup-gfx-thread-allocator-block-size=16777216"
    "memorysetup-cache-allocator-block-size=4194304"
    "memorysetup-typetree-allocator-block-size=2097152"
    "memorysetup-profiler-bucket-allocator-granularity=16"
    "memorysetup-profiler-bucket-allocator-bucket-count=8"
    "memorysetup-profiler-bucket-allocator-block-size=33554432"
    "memorysetup-profiler-bucket-allocator-block-count=8"
    "memorysetup-profiler-allocator-block-size=16777216"
    "memorysetup-profiler-editor-allocator-block-size=1048576"
    "memorysetup-temp-allocator-size-main=16777216"
    "memorysetup-job-temp-allocator-block-size=2097152"
    "memorysetup-job-temp-allocator-block-size-background=1048576"
    "memorysetup-job-temp-allocator-reduction-small-platforms=262144"
    "memorysetup-temp-allocator-size-background-worker=32768"
    "memorysetup-temp-allocator-size-job-worker=262144"
    "memorysetup-temp-allocator-size-preload-manager=33554432"
    "memorysetup-temp-allocator-size-nav-mesh-worker=65536"
    "memorysetup-temp-allocator-size-audio-worker=65536"
    "memorysetup-temp-allocator-size-cloud-worker=32768"
    "memorysetup-temp-allocator-size-gi-baking-worker=262144"
    "memorysetup-temp-allocator-size-gfx=262144"
Refreshing native plugins compatible for Editor in 229.06 ms, found 3 plugins.
Preloading 0 native plugins for Editor in 0.00 ms.
Initialize engine version: 2021.2.10f1 (ee872746220e)
[Subsystems] Discovering subsystems at path C:/Program Files/Unity/Hub/Editor/2021.2.10f1/Editor/Data/Resources/UnitySubsystems
[Subsystems] Discovering subsystems at path C:/Users/jrk33/Documents/GitHub/TheGameMaster/The Game Master/Assets
GfxDevice: creating device client; threaded=0; jobified=0
Direct3D:
    Version:  Direct3D 11.0 [level 11.1]
    Renderer: NVIDIA Quadro P2000 (ID=0x1c30)
    Vendor:   NVIDIA
    VRAM:     5032 MB
    Driver:   27.21.14.6231
Initialize mono
Mono path[0] = 'C:/Program Files/Unity/Hub/Editor/2021.2.10f1/Editor/Data/Managed'
Mono path[1] = 'C:/Program Files/Unity/Hub/Editor/2021.2.10f1/Editor/Data/MonoBleedingEdge/lib/mono/unityjit-win32'
Mono config path = 'C:/Program Files/Unity/Hub/Editor/2021.2.10f1/Editor/Data/MonoBleedingEdge/etc'
Using monoOptions --debugger-agent=transport=dt_socket,embedding=1,server=y,suspend=n,address=127.0.0.1:56776
Begin MonoManager ReloadAssembly
Registering precompiled unity dll's ...
Register platform support module: C:/Program Files/Unity/Hub/Editor/2021.2.10f1/Editor/Data/PlaybackEngines/WindowsStandaloneSupport/UnityEditor.WindowsStandalone.Extensions.dll
Registered in 0.003869 seconds.
Native extension for WindowsStandalone target not found
Refreshing native plugins compatible for Editor in 184.04 ms, found 3 plugins.
Preloading 0 native plugins for Editor in 0.00 ms.
Mono: successfully reloaded assembly
- Completed reload, in  1.008 seconds
Domain Reload Profiling:
	ReloadAssembly (1008ms)
		BeginReloadAssembly (100ms)
			ExecutionOrderSort (0ms)
			DisableScriptedObjects (0ms)
			BackupInstance (0ms)
			ReleaseScriptingObjects (0ms)
			CreateAndSetChildDomain (1ms)
		EndReloadAssembly (800ms)
			LoadAssemblies (98ms)
			RebuildTransferFunctionScriptingTraits (0ms)
			SetupTypeCache (171ms)
			ReleaseScriptCaches (0ms)
			RebuildScriptCaches (44ms)
			SetupLoadedEditorAssemblies (510ms)
				LogAssemblyErrors (0ms)
				InitializePlatformSupportModulesInManaged (25ms)
				SetLoadedEditorAssemblies (0ms)
				RefreshPlugins (184ms)
				BeforeProcessingInitializeOnLoad (2ms)
				ProcessInitializeOnLoadAttributes (224ms)
				ProcessInitializeOnLoadMethodAttributes (75ms)
				AfterProcessingInitializeOnLoad (0ms)
				EditorAssembliesLoaded (0ms)
			ExecutionOrderSort2 (0ms)
			AwakeInstancesAfterBackupRestoration (0ms)
Platform modules already initialized, skipping
Registering precompiled user dll's ...
Registered in 0.007019 seconds.
Begin MonoManager ReloadAssembly
Symbol file LoadedFromMemory doesn't match image C:\Users\jrk33\Documents\GitHub\TheGameMaster\The Game Master\Library\PackageCache\com.unity.visualscripting@1.7.6\Editor\VisualScripting.Core\Dependencies\YamlDotNet\Unity.VisualScripting.YamlDotNet.dll
Symbol file LoadedFromMemory doesn't match image C:\Users\jrk33\Documents\GitHub\TheGameMaster\The Game Master\Library\PackageCache\com.unity.visualscripting@1.7.6\Editor\VisualScripting.Core\Dependencies\DotNetZip\Unity.VisualScripting.IonicZip.dll
Native extension for WindowsStandalone target not found
Refreshing native plugins compatible for Editor in 139.85 ms, found 3 plugins.
Preloading 0 native plugins for Editor in 0.00 ms.
Mono: successfully reloaded assembly
- Completed reload, in  1.765 seconds
Domain Reload Profiling:
	ReloadAssembly (1765ms)
		BeginReloadAssembly (103ms)
			ExecutionOrderSort (0ms)
			DisableScriptedObjects (6ms)
			BackupInstance (0ms)
			ReleaseScriptingObjects (0ms)
			CreateAndSetChildDomain (23ms)
		EndReloadAssembly (1577ms)
			LoadAssemblies (69ms)
			RebuildTransferFunctionScriptingTraits (0ms)
			SetupTypeCache (391ms)
			ReleaseScriptCaches (1ms)
			RebuildScriptCaches (160ms)
			SetupLoadedEditorAssemblies (860ms)
				LogAssemblyErrors (0ms)
				InitializePlatformSupportModulesInManaged (15ms)
				SetLoadedEditorAssemblies (0ms)
				RefreshPlugins (140ms)
				BeforeProcessingInitializeOnLoad (124ms)
				ProcessInitializeOnLoadAttributes (494ms)
				ProcessInitializeOnLoadMethodAttributes (84ms)
				AfterProcessingInitializeOnLoad (2ms)
				EditorAssembliesLoaded (0ms)
			ExecutionOrderSort2 (0ms)
			AwakeInstancesAfterBackupRestoration (6ms)
Platform modules already initialized, skipping
========================================================================
Worker process is ready to serve import requests
Launched and connected shader compiler UnityShaderCompiler.exe after 0.07 seconds
Refreshing native plugins compatible for Editor in 1.59 ms, found 3 plugins.
Preloading 0 native plugins for Editor in 0.00 ms.
Unloading 5606 Unused Serialized files (Serialized files now loaded: 0)
Unloading 35 unused Assets / (1.5 MB). Loaded Objects now: 6052.
Memory consumption went from 219.6 MB to 218.1 MB.
Total: 6.267100 ms (FindLiveObjects: 0.633900 ms CreateObjectMapping: 0.666900 ms MarkObjects: 4.430900 ms  DeleteObjects: 0.534100 ms)

AssetImportParameters requested are different than current active one (requested -> active):
  custom:video-decoder-ogg-theora: a1e56fd34408186e4bbccfd4996cb3dc -> 
  custom:container-muxer-webm: aa71ff27fc2769a1b78a27578f13a17b -> 
  custom:container-demuxer-webm: 4f35f7cbe854078d1ac9338744f61a02 -> 
  custom:video-encoder-webm-vp8: eb34c28f22e8b96e1ab97ce403110664 -> 
  custom:audio-encoder-webm-vorbis: bf7c407c2cedff20999df2af8eb42d56 -> 
  custom:framework-win-MediaFoundation: 216162199b28c13a410421893ffa2e32 -> 
  custom:container-demuxer-ogg: 62fdf1f143b41e24485cea50d1cbac27 -> 
  custom:video-decoder-webm-vp8: 9c59270c3fd7afecdb556c50c9e8de78 -> 
  custom:audio-decoder-ogg-vorbis: bf7c407c2cedff20999df2af8eb42d56 -> 
========================================================================
Received Import Request.
  Time since last request: 1454.938739 seconds.
  path: Assets/New Universal Render Pipeline Asset_Renderer.asset
  artifactKey: Guid(aab9450bcb97efc4aadb2f959771d52a) Importer(815301076,1909f56bfc062723c751e8b465ee728b)
Start importing Assets/New Universal Render Pipeline Asset_Renderer.asset using Guid(aab9450bcb97efc4aadb2f959771d52a) Importer(815301076,1909f56bfc062723c751e8b465ee728b)  -> (artifact id: 'b53e667c7d358ed840a9856384f7aff3') in 0.043845 seconds 
========================================================================
Received Import Request.
  Time since last request: 0.000031 seconds.
  path: Assets/Player.prefab
  artifactKey: Guid(ca44551f999af3a42be4a2922efab8eb) Importer(815301076,1909f56bfc062723c751e8b465ee728b)
Start importing Assets/Player.prefab using Guid(ca44551f999af3a42be4a2922efab8eb) Importer(815301076,1909f56bfc062723c751e8b465ee728b)  -> (artifact id: 'ea0a6fc55bab57f7714091de46e1505d') in 0.474407 seconds 
========================================================================
Received Import Request.
  Time since last request: 0.000036 seconds.
  path: Assets/New Universal Render Pipeline Asset.asset
  artifactKey: Guid(e8efec311c1f7b24ea0a052c2b4e9fcb) Importer(815301076,1909f56bfc062723c751e8b465ee728b)
Start importing Assets/New Universal Render Pipeline Asset.asset using Guid(e8efec311c1f7b24ea0a052c2b4e9fcb) Importer(815301076,1909f56bfc062723c751e8b465ee728b)  -> (artifact id: '973a536e713cc7c1b16ac1ace1f0e5ad') in 0.008691 seconds 
========================================================================
Received Import Request.
  Time since last request: 0.000041 seconds.
  path: Assets/ParticleSystem.prefab
  artifactKey: Guid(19218987e3ef3cd4ba2793bea44fa888) Importer(815301076,1909f56bfc062723c751e8b465ee728b)
Start importing Assets/ParticleSystem.prefab using Guid(19218987e3ef3cd4ba2793bea44fa888) Importer(815301076,1909f56bfc062723c751e8b465ee728b)  -> (artifact id: '297fe65ef14a9f16d3f63f4ce259f1d0') in 0.170245 seconds 
========================================================================
Received Import Request.
  Time since last request: 0.000023 seconds.
  path: Assets/New Material 2.mat
  artifactKey: Guid(55503604efdb5e14d99d84110c3d1e7d) Importer(815301076,1909f56bfc062723c751e8b465ee728b)
Start importing Assets/New Material 2.mat using Guid(55503604efdb5e14d99d84110c3d1e7d) Importer(815301076,1909f56bfc062723c751e8b465ee728b)  -> (artifact id: 'f012f42632ece2e6755e4ed5fb407efd') in 2.638119 seconds 
========================================================================
Received Import Request.
  Time since last request: 27.638296 seconds.
  path: Assets/Scenes
  artifactKey: Guid(6ea315d0fd7389c41b19996891e99ae3) Importer(815301076,1909f56bfc062723c751e8b465ee728b)
Start importing Assets/Scenes using Guid(6ea315d0fd7389c41b19996891e99ae3) Importer(815301076,1909f56bfc062723c751e8b465ee728b)  -> (artifact id: 'bc172811d573b296104adb4d2728db37') in 0.005686 seconds 
========================================================================
Received Import Request.
  Time since last request: 1.253710 seconds.
  path: Assets/Scenes/Level1.unity
  artifactKey: Guid(9fc0d4010bbf28b4594072e72b8655ab) Importer(815301076,1909f56bfc062723c751e8b465ee728b)
Start importing Assets/Scenes/Level1.unity using Guid(9fc0d4010bbf28b4594072e72b8655ab) Importer(815301076,1909f56bfc062723c751e8b465ee728b)  -> (artifact id: 'e878b491a1910d4d0473c11224e7cdc6') in 0.005831 seconds 
========================================================================
Received Prepare
Registering precompiled user dll's ...
Registered in 0.004590 seconds.
Begin MonoManager ReloadAssembly
Symbol file LoadedFromMemory doesn't match image C:\Users\jrk33\Documents\GitHub\TheGameMaster\The Game Master\Library\PackageCache\com.unity.visualscripting@1.7.6\Editor\VisualScripting.Core\Dependencies\YamlDotNet\Unity.VisualScripting.YamlDotNet.dll
Symbol file LoadedFromMemory doesn't match image C:\Users\jrk33\Documents\GitHub\TheGameMaster\The Game Master\Library\PackageCache\com.unity.visualscripting@1.7.6\Editor\VisualScripting.Core\Dependencies\DotNetZip\Unity.VisualScripting.IonicZip.dll
Native extension for WindowsStandalone target not found
Refreshing native plugins compatible for Editor in 1.01 ms, found 3 plugins.
Preloading 0 native plugins for Editor in 0.00 ms.
Mono: successfully reloaded assembly
- Completed reload, in  1.461 seconds
Domain Reload Profiling:
	ReloadAssembly (1462ms)
		BeginReloadAssembly (169ms)
			ExecutionOrderSort (0ms)
			DisableScriptedObjects (7ms)
			BackupInstance (0ms)
			ReleaseScriptingObjects (0ms)
			CreateAndSetChildDomain (66ms)
		EndReloadAssembly (1180ms)
			LoadAssemblies (85ms)
			RebuildTransferFunctionScriptingTraits (0ms)
			SetupTypeCache (324ms)
			ReleaseScriptCaches (2ms)
			RebuildScriptCaches (85ms)
			SetupLoadedEditorAssemblies (604ms)
				LogAssemblyErrors (0ms)
				InitializePlatformSupportModulesInManaged (14ms)
				SetLoadedEditorAssemblies (1ms)
				RefreshPlugins (1ms)
				BeforeProcessingInitializeOnLoad (101ms)
				ProcessInitializeOnLoadAttributes (400ms)
				ProcessInitializeOnLoadMethodAttributes (83ms)
				AfterProcessingInitializeOnLoad (3ms)
				EditorAssembliesLoaded (0ms)
			ExecutionOrderSort2 (0ms)
			AwakeInstancesAfterBackupRestoration (13ms)
Platform modules already initialized, skipping
Refreshing native plugins compatible for Editor in 1.61 ms, found 3 plugins.
Preloading 0 native plugins for Editor in 0.00 ms.
Unloading 5469 Unused Serialized files (Serialized files now loaded: 0)
Unloading 35 unused Assets / (1.1 MB). Loaded Objects now: 6155.
Memory consumption went from 218.9 MB to 217.9 MB.
Total: 5.691500 ms (FindLiveObjects: 0.541700 ms CreateObjectMapping: 0.548400 ms MarkObjects: 3.897300 ms  DeleteObjects: 0.703100 ms)

AssetImportParameters requested are different than current active one (requested -> active):
  custom:video-decoder-ogg-theora: a1e56fd34408186e4bbccfd4996cb3dc -> 
  custom:container-muxer-webm: aa71ff27fc2769a1b78a27578f13a17b -> 
  custom:container-demuxer-webm: 4f35f7cbe854078d1ac9338744f61a02 -> 
  custom:video-encoder-webm-vp8: eb34c28f22e8b96e1ab97ce403110664 -> 
  custom:audio-encoder-webm-vorbis: bf7c407c2cedff20999df2af8eb42d56 -> 
  custom:framework-win-MediaFoundation: 216162199b28c13a410421893ffa2e32 -> 
  custom:container-demuxer-ogg: 62fdf1f143b41e24485cea50d1cbac27 -> 
  custom:video-decoder-webm-vp8: 9c59270c3fd7afecdb556c50c9e8de78 -> 
  custom:audio-decoder-ogg-vorbis: bf7c407c2cedff20999df2af8eb42d56 -> 
========================================================================
Received Import Request.
  Time since last request: 134.606502 seconds.
  path: Assets/Scenes/Level3.unity
  artifactKey: Guid(ebd959361d2723a4fabda3c7720343b5) Importer(815301076,1909f56bfc062723c751e8b465ee728b)
Start importing Assets/Scenes/Level3.unity using Guid(ebd959361d2723a4fabda3c7720343b5) Importer(815301076,1909f56bfc062723c751e8b465ee728b)  -> (artifact id: '6498b804223719e7568e741c8ab3b69b') in 0.025412 seconds 
========================================================================
Received Prepare
Registering precompiled user dll's ...
Registered in 0.004226 seconds.
Begin MonoManager ReloadAssembly
Symbol file LoadedFromMemory doesn't match image C:\Users\jrk33\Documents\GitHub\TheGameMaster\The Game Master\Library\PackageCache\com.unity.visualscripting@1.7.6\Editor\VisualScripting.Core\Dependencies\YamlDotNet\Unity.VisualScripting.YamlDotNet.dll
Symbol file LoadedFromMemory doesn't match image C:\Users\jrk33\Documents\GitHub\TheGameMaster\The Game Master\Library\PackageCache\com.unity.visualscripting@1.7.6\Editor\VisualScripting.Core\Dependencies\DotNetZip\Unity.VisualScripting.IonicZip.dll
Native extension for WindowsStandalone target not found
Refreshing native plugins compatible for Editor in 1.43 ms, found 3 plugins.
Preloading 0 native plugins for Editor in 0.00 ms.
Mono: successfully reloaded assembly
- Completed reload, in  1.522 seconds
Domain Reload Profiling:
	ReloadAssembly (1522ms)
		BeginReloadAssembly (136ms)
			ExecutionOrderSort (0ms)
			DisableScriptedObjects (6ms)
			BackupInstance (0ms)
			ReleaseScriptingObjects (0ms)
			CreateAndSetChildDomain (44ms)
		EndReloadAssembly (1271ms)
			LoadAssemblies (85ms)
			RebuildTransferFunctionScriptingTraits (0ms)
			SetupTypeCache (421ms)
			ReleaseScriptCaches (3ms)
			RebuildScriptCaches (84ms)
			SetupLoadedEditorAssemblies (602ms)
				LogAssemblyErrors (0ms)
				InitializePlatformSupportModulesInManaged (13ms)
				SetLoadedEditorAssemblies (1ms)
				RefreshPlugins (2ms)
				BeforeProcessingInitializeOnLoad (104ms)
				ProcessInitializeOnLoadAttributes (392ms)
				ProcessInitializeOnLoadMethodAttributes (87ms)
				AfterProcessingInitializeOnLoad (4ms)
				EditorAssembliesLoaded (0ms)
			ExecutionOrderSort2 (0ms)
			AwakeInstancesAfterBackupRestoration (14ms)
Platform modules already initialized, skipping
Refreshing native plugins compatible for Editor in 1.08 ms, found 3 plugins.
Preloading 0 native plugins for Editor in 0.00 ms.
Unloading 5457 Unused Serialized files (Serialized files now loaded: 0)
Unloading 27 unused Assets / (1.1 MB). Loaded Objects now: 6157.
Memory consumption went from 217.9 MB to 216.9 MB.
Total: 3.636700 ms (FindLiveObjects: 0.460000 ms CreateObjectMapping: 0.406900 ms MarkObjects: 2.603700 ms  DeleteObjects: 0.165100 ms)

AssetImportParameters requested are different than current active one (requested -> active):
  custom:video-decoder-ogg-theora: a1e56fd34408186e4bbccfd4996cb3dc -> 
  custom:container-muxer-webm: aa71ff27fc2769a1b78a27578f13a17b -> 
  custom:container-demuxer-webm: 4f35f7cbe854078d1ac9338744f61a02 -> 
  custom:video-encoder-webm-vp8: eb34c28f22e8b96e1ab97ce403110664 -> 
  custom:audio-encoder-webm-vorbis: bf7c407c2cedff20999df2af8eb42d56 -> 
  custom:framework-win-MediaFoundation: 216162199b28c13a410421893ffa2e32 -> 
  custom:container-demuxer-ogg: 62fdf1f143b41e24485cea50d1cbac27 -> 
  custom:video-decoder-webm-vp8: 9c59270c3fd7afecdb556c50c9e8de78 -> 
  custom:audio-decoder-ogg-vorbis: bf7c407c2cedff20999df2af8eb42d56 -> 
========================================================================
Received Import Request.
  Time since last request: 49.678166 seconds.
  path: Assets/_Barking_Dog
  artifactKey: Guid(bf8204aa83a18c94ab74b33d05e940de) Importer(815301076,1909f56bfc062723c751e8b465ee728b)
Start importing Assets/_Barking_Dog using Guid(bf8204aa83a18c94ab74b33d05e940de) Importer(815301076,1909f56bfc062723c751e8b465ee728b)  -> (artifact id: 'a191dbdd5f4c868c654f369761d33833') in 0.012398 seconds 
========================================================================
Received Import Request.
  Time since last request: 0.674559 seconds.
  path: Assets/_Barking_Dog/3D Free Modular Kit
  artifactKey: Guid(993c1992e51804d43aada52f1ac82a20) Importer(815301076,1909f56bfc062723c751e8b465ee728b)
Start importing Assets/_Barking_Dog/3D Free Modular Kit using Guid(993c1992e51804d43aada52f1ac82a20) Importer(815301076,1909f56bfc062723c751e8b465ee728b)  -> (artifact id: '3c4dc8f0403d7956aa565592ddabcdbb') in 0.005500 seconds 
========================================================================
Received Import Request.
  Time since last request: 0.070509 seconds.
  path: Assets/_Barking_Dog/3D Free Modular Kit/Camera Profile.asset
  artifactKey: Guid(66fe30987fca4e747985c93aa3738821) Importer(815301076,1909f56bfc062723c751e8b465ee728b)
Start importing Assets/_Barking_Dog/3D Free Modular Kit/Camera Profile.asset using Guid(66fe30987fca4e747985c93aa3738821) Importer(815301076,1909f56bfc062723c751e8b465ee728b)  -> (artifact id: 'bf7b038b1090a521170fa5a778f46d9f') in 0.011742 seconds 
========================================================================
Received Import Request.
  Time since last request: 1.210979 seconds.
  path: Assets/_Barking_Dog/3D Free Modular Kit/_Prefabs
  artifactKey: Guid(d1f1e35ed5fd842f7b91e200e0e5fe56) Importer(815301076,1909f56bfc062723c751e8b465ee728b)
Start importing Assets/_Barking_Dog/3D Free Modular Kit/_Prefabs using Guid(d1f1e35ed5fd842f7b91e200e0e5fe56) Importer(815301076,1909f56bfc062723c751e8b465ee728b)  -> (artifact id: 'c8f1e544c8dc082fc5d2de764009b79c') in 0.005050 seconds 
========================================================================
Received Import Request.
  Time since last request: 0.037639 seconds.
  path: Assets/_Barking_Dog/3D Free Modular Kit/_Prefabs/Column_01_Top.prefab
  artifactKey: Guid(3cd8d44393ff84c5b81c559e5a60c35c) Importer(815301076,1909f56bfc062723c751e8b465ee728b)
Start importing Assets/_Barking_Dog/3D Free Modular Kit/_Prefabs/Column_01_Top.prefab using Guid(3cd8d44393ff84c5b81c559e5a60c35c) Importer(815301076,1909f56bfc062723c751e8b465ee728b)  -> (artifact id: '1b6e3f77cbd4d3fdf7467e14c1ffc970') in 1.952308 seconds 
========================================================================
Received Import Request.
  Time since last request: 0.000033 seconds.
  path: Assets/_Barking_Dog/3D Free Modular Kit/_Prefabs/Roof_01.prefab
  artifactKey: Guid(1a5e2f40365fe44ada271dd97ea7506f) Importer(815301076,1909f56bfc062723c751e8b465ee728b)
Start importing Assets/_Barking_Dog/3D Free Modular Kit/_Prefabs/Roof_01.prefab using Guid(1a5e2f40365fe44ada271dd97ea7506f) Importer(815301076,1909f56bfc062723c751e8b465ee728b)  -> (artifact id: '0a06912a753125b346512533de81d172') in 0.023386 seconds 
========================================================================
Received Import Request.
  Time since last request: 0.000029 seconds.
  path: Assets/_Barking_Dog/3D Free Modular Kit/_Prefabs/Light_01.prefab
  artifactKey: Guid(530f5ce44fdac4197a29f5bec8818d85) Importer(815301076,1909f56bfc062723c751e8b465ee728b)
Start importing Assets/_Barking_Dog/3D Free Modular Kit/_Prefabs/Light_01.prefab using Guid(530f5ce44fdac4197a29f5bec8818d85) Importer(815301076,1909f56bfc062723c751e8b465ee728b)  -> (artifact id: 'e1f682fed7efbf3e7f75450550d6be68') in 0.020718 seconds 
========================================================================
Received Import Request.
  Time since last request: 0.000024 seconds.
  path: Assets/_Barking_Dog/3D Free Modular Kit/_Prefabs/Floor_01.prefab
  artifactKey: Guid(c76d2d3504ddb4847940a815cad04644) Importer(815301076,1909f56bfc062723c751e8b465ee728b)
Start importing Assets/_Barking_Dog/3D Free Modular Kit/_Prefabs/Floor_01.prefab using Guid(c76d2d3504ddb4847940a815cad04644) Importer(815301076,1909f56bfc062723c751e8b465ee728b)  -> (artifact id: 'aafdab1d841b02b5e646cc012439b4e8') in 0.019460 seconds 
========================================================================
Received Import Request.
  Time since last request: 0.000022 seconds.
  path: Assets/_Barking_Dog/3D Free Modular Kit/_Prefabs/Roof_Angle_Smal_01.prefab
  artifactKey: Guid(d3cf9ea092c094147a2a98c2a7973a3e) Importer(815301076,1909f56bfc062723c751e8b465ee728b)
Start importing Assets/_Barking_Dog/3D Free Modular Kit/_Prefabs/Roof_Angle_Smal_01.prefab using Guid(d3cf9ea092c094147a2a98c2a7973a3e) Importer(815301076,1909f56bfc062723c751e8b465ee728b)  -> (artifact id: 'd2d8b8c68d8e287550d4260dafdd249e') in 0.029897 seconds 
========================================================================
Received Import Request.
  Time since last request: 0.000029 seconds.
  path: Assets/_Barking_Dog/3D Free Modular Kit/_Prefabs/Roof_02.prefab
  artifactKey: Guid(b9038ed84a1fe4aecb34086f7f42d1bf) Importer(815301076,1909f56bfc062723c751e8b465ee728b)
Start importing Assets/_Barking_Dog/3D Free Modular Kit/_Prefabs/Roof_02.prefab using Guid(b9038ed84a1fe4aecb34086f7f42d1bf) Importer(815301076,1909f56bfc062723c751e8b465ee728b)  -> (artifact id: 'c18f0ae88b2662d881b59af362b88483') in 0.020219 seconds 
========================================================================
Received Import Request.
  Time since last request: 0.000025 seconds.
  path: Assets/_Barking_Dog/3D Free Modular Kit/_Prefabs/Wall_HalfArc_90_03.prefab
  artifactKey: Guid(ff42754d1c37f4da7b050c07fe83d3af) Importer(815301076,1909f56bfc062723c751e8b465ee728b)
Start importing Assets/_Barking_Dog/3D Free Modular Kit/_Prefabs/Wall_HalfArc_90_03.prefab using Guid(ff42754d1c37f4da7b050c07fe83d3af) Importer(815301076,1909f56bfc062723c751e8b465ee728b)  -> (artifact id: '59d8dedbe7dfce69857db80ac1ae4827') in 0.021129 seconds 
========================================================================
Received Import Request.
  Time since last request: 0.000026 seconds.
  path: Assets/_Barking_Dog/3D Free Modular Kit/_Prefabs/Floor_Small_01.prefab
  artifactKey: Guid(1acd03bc537c24f3484ab4d6f07b9e02) Importer(815301076,1909f56bfc062723c751e8b465ee728b)
Start importing Assets/_Barking_Dog/3D Free Modular Kit/_Prefabs/Floor_Small_01.prefab using Guid(1acd03bc537c24f3484ab4d6f07b9e02) Importer(815301076,1909f56bfc062723c751e8b465ee728b)  -> (artifact id: '3961c34b502376b3a14ba6779134299c') in 0.023464 seconds 
========================================================================
Received Import Request.
  Time since last request: 0.000030 seconds.
  path: Assets/_Barking_Dog/3D Free Modular Kit/_Prefabs/Room_Big_Part_02.prefab
  artifactKey: Guid(56f887c8f9289447895ae8a07be226ec) Importer(815301076,1909f56bfc062723c751e8b465ee728b)
Start importing Assets/_Barking_Dog/3D Free Modular Kit/_Prefabs/Room_Big_Part_02.prefab using Guid(56f887c8f9289447895ae8a07be226ec) Importer(815301076,1909f56bfc062723c751e8b465ee728b)  -> (artifact id: 'e1ba2d0731f83749bfecead39ed416a5') in 0.026974 seconds 
========================================================================
Received Import Request.
  Time since last request: 0.000025 seconds.
  path: Assets/_Barking_Dog/3D Free Modular Kit/_Prefabs/Wall_Simple_01.prefab
  artifactKey: Guid(a4c18952442944083b1fddc06ba477c2) Importer(815301076,1909f56bfc062723c751e8b465ee728b)
Start importing Assets/_Barking_Dog/3D Free Modular Kit/_Prefabs/Wall_Simple_01.prefab using Guid(a4c18952442944083b1fddc06ba477c2) Importer(815301076,1909f56bfc062723c751e8b465ee728b)  -> (artifact id: '4ed1a7c0f866710c424fee79e078392a') in 0.022911 seconds 
========================================================================
Received Import Request.
  Time since last request: 0.000032 seconds.
  path: Assets/_Barking_Dog/3D Free Modular Kit/_Prefabs/Room_Big_Part_03.prefab
  artifactKey: Guid(39b43e271567b4134a12f482c52c8a0f) Importer(815301076,1909f56bfc062723c751e8b465ee728b)
Start importing Assets/_Barking_Dog/3D Free Modular Kit/_Prefabs/Room_Big_Part_03.prefab using Guid(39b43e271567b4134a12f482c52c8a0f) Importer(815301076,1909f56bfc062723c751e8b465ee728b)  -> (artifact id: '4a9655ad5abf4bcdba14c3b6773c1235') in 0.024735 seconds 
========================================================================
Received Import Request.
  Time since last request: 0.000030 seconds.
  path: Assets/_Barking_Dog/3D Free Modular Kit/_Prefabs/Roof_Door_01.prefab
  artifactKey: Guid(1e6809cccc6f04f01b0819da314e428b) Importer(815301076,1909f56bfc062723c751e8b465ee728b)
Start importing Assets/_Barking_Dog/3D Free Modular Kit/_Prefabs/Roof_Door_01.prefab using Guid(1e6809cccc6f04f01b0819da314e428b) Importer(815301076,1909f56bfc062723c751e8b465ee728b)  -> (artifact id: 'c7e6fe339944d5f55640cc9df83dabcb') in 0.022379 seconds 
========================================================================
Received Import Request.
  Time since last request: 0.000028 seconds.
  path: Assets/_Barking_Dog/3D Free Modular Kit/_Prefabs/Wall_Arc_90_01.prefab
  artifactKey: Guid(e4f34474191354a5688752acf8cf95fe) Importer(815301076,1909f56bfc062723c751e8b465ee728b)
Start importing Assets/_Barking_Dog/3D Free Modular Kit/_Prefabs/Wall_Arc_90_01.prefab using Guid(e4f34474191354a5688752acf8cf95fe) Importer(815301076,1909f56bfc062723c751e8b465ee728b)  -> (artifact id: '2c0fbef4be37efba09c57b9fa39cbf42') in 0.022012 seconds 
========================================================================
Received Import Request.
  Time since last request: 0.000032 seconds.
  path: Assets/_Barking_Dog/3D Free Modular Kit/_Prefabs/Wall_Arc_90_02.prefab
  artifactKey: Guid(13990f94448cc49c08e917134d8b0479) Importer(815301076,1909f56bfc062723c751e8b465ee728b)
Start importing Assets/_Barking_Dog/3D Free Modular Kit/_Prefabs/Wall_Arc_90_02.prefab using Guid(13990f94448cc49c08e917134d8b0479) Importer(815301076,1909f56bfc062723c751e8b465ee728b)  -> (artifact id: '06a77f049231906f8a49b6d5cf06d998') in 0.021532 seconds 
========================================================================
Received Import Request.
  Time since last request: 0.000022 seconds.
  path: Assets/_Barking_Dog/3D Free Modular Kit/_Prefabs/Roof_Angle_01.prefab
  artifactKey: Guid(c27c7521daec24863af069554ea1fb47) Importer(815301076,1909f56bfc062723c751e8b465ee728b)
Start importing Assets/_Barking_Dog/3D Free Modular Kit/_Prefabs/Roof_Angle_01.prefab using Guid(c27c7521daec24863af069554ea1fb47) Importer(815301076,1909f56bfc062723c751e8b465ee728b)  -> (artifact id: '41e99452273ffe2db2d15dedb151224a') in 0.020798 seconds 
========================================================================
Received Import Request.
  Time since last request: 0.000025 seconds.
  path: Assets/_Barking_Dog/3D Free Modular Kit/_Prefabs/Wall_HalfArc_90_02.prefab
  artifactKey: Guid(618681761d79b4f72b0746a3dcd4bff1) Importer(815301076,1909f56bfc062723c751e8b465ee728b)
Start importing Assets/_Barking_Dog/3D Free Modular Kit/_Prefabs/Wall_HalfArc_90_02.prefab using Guid(618681761d79b4f72b0746a3dcd4bff1) Importer(815301076,1909f56bfc062723c751e8b465ee728b)  -> (artifact id: 'd18baf17a3b58403d5fbc3268883eb47') in 0.020950 seconds 
========================================================================
Received Import Request.
  Time since last request: 0.000026 seconds.
  path: Assets/_Barking_Dog/3D Free Modular Kit/_Prefabs/Roof_Angle_Large_01.prefab
  artifactKey: Guid(4d57a31eab232457da9acbcc32af22cf) Importer(815301076,1909f56bfc062723c751e8b465ee728b)
Start importing Assets/_Barking_Dog/3D Free Modular Kit/_Prefabs/Roof_Angle_Large_01.prefab using Guid(4d57a31eab232457da9acbcc32af22cf) Importer(815301076,1909f56bfc062723c751e8b465ee728b)  -> (artifact id: '375703a8d508cd871269230170699e35') in 0.020213 seconds 
========================================================================
Received Import Request.
  Time since last request: 0.000026 seconds.
  path: Assets/_Barking_Dog/3D Free Modular Kit/_Prefabs/Room_Big_Part_01.prefab
  artifactKey: Guid(8db5b99e1590340a4a7166fa4c9f9cf2) Importer(815301076,1909f56bfc062723c751e8b465ee728b)
Start importing Assets/_Barking_Dog/3D Free Modular Kit/_Prefabs/Room_Big_Part_01.prefab using Guid(8db5b99e1590340a4a7166fa4c9f9cf2) Importer(815301076,1909f56bfc062723c751e8b465ee728b)  -> (artifact id: 'd374c75dbab1e1d77d3687d0b8f84650') in 0.023789 seconds 
========================================================================
Received Import Request.
  Time since last request: 0.000040 seconds.
  path: Assets/_Barking_Dog/3D Free Modular Kit/_Prefabs/Door_Left_01.prefab
  artifactKey: Guid(088b5f04d52a542ec975e88d7d9934f5) Importer(815301076,1909f56bfc062723c751e8b465ee728b)
Start importing Assets/_Barking_Dog/3D Free Modular Kit/_Prefabs/Door_Left_01.prefab using Guid(088b5f04d52a542ec975e88d7d9934f5) Importer(815301076,1909f56bfc062723c751e8b465ee728b)  -> (artifact id: '8d995bc73314538ea30811c579777ca3') in 0.542211 seconds 
========================================================================
Received Import Request.
  Time since last request: 0.000033 seconds.
  path: Assets/_Barking_Dog/3D Free Modular Kit/_Prefabs/Room_Big_Part_04.prefab
  artifactKey: Guid(338a3a19b542e4a5bae99feecf242132) Importer(815301076,1909f56bfc062723c751e8b465ee728b)
Start importing Assets/_Barking_Dog/3D Free Modular Kit/_Prefabs/Room_Big_Part_04.prefab using Guid(338a3a19b542e4a5bae99feecf242132) Importer(815301076,1909f56bfc062723c751e8b465ee728b)  -> (artifact id: '76b9e3647138e2c87aed32163b887b56') in 0.022064 seconds 
========================================================================
Received Import Request.
  Time since last request: 0.000037 seconds.
  path: Assets/_Barking_Dog/3D Free Modular Kit/_Prefabs/Fan_01.prefab
  artifactKey: Guid(45b9a5b6a96ed4d0699b4faff594d8c4) Importer(815301076,1909f56bfc062723c751e8b465ee728b)
Start importing Assets/_Barking_Dog/3D Free Modular Kit/_Prefabs/Fan_01.prefab using Guid(45b9a5b6a96ed4d0699b4faff594d8c4) Importer(815301076,1909f56bfc062723c751e8b465ee728b)  -> (artifact id: '3fdcdb18251e72d3dc3e13849293c0ad') in 0.022040 seconds 
Editor requested this worker to shutdown with reason: Scaling down because of idle timeout
AssetImportWorker is now disconnected from the server
Process exiting
Exiting without the bug reporter. Application will terminate with return code 0